[debug] [2019-08-08T22:30:17.545Z] ----------------------------------------------------------------------
[debug] [2019-08-08T22:30:17.546Z] Command:       /usr/local/bin/node /usr/local/bin/firebase login --reauth
[debug] [2019-08-08T22:30:17.547Z] CLI Version:   7.2.2
[debug] [2019-08-08T22:30:17.547Z] Platform:      darwin
[debug] [2019-08-08T22:30:17.547Z] Node Version:  v11.12.0
[debug] [2019-08-08T22:30:17.547Z] Time:          Thu Aug 08 2019 15:30:17 GMT-0700 (Pacific Daylight Time)
[debug] [2019-08-08T22:30:17.547Z] ----------------------------------------------------------------------
[debug] 
[info] 
[info] Visit this URL on any device to log in:
[info] https://accounts.google.com/o/oauth2/auth?client_id=563584335869-fgrhgmd47bqnekij5i8b5pr03ho849e6.apps.googleusercontent.com&scope=email%20openid%20https%3A%2F%2Fwww.googleapis.com%2Fauth%2Fcloudplatformprojects.readonly%20https%3A%2F%2Fwww.googleapis.com%2Fauth%2Ffirebase%20https%3A%2F%2Fwww.googleapis.com%2Fauth%2Fcloud-platform&response_type=code&state=933957976&redirect_uri=http%3A%2F%2Flocalhost%3A9005
[info] 
[info] Waiting for authentication...
[debug] [2019-08-08T22:30:23.847Z] >>> HTTP REQUEST POST https://accounts.google.com/o/oauth2/token  

[debug] [2019-08-08T22:30:23.949Z] Token Fetch Error: FirebaseError: Server Error. self signed certificate in certificate chain
    at Request._callback (/usr/local/lib/node_modules/firebase-tools/lib/api.js:30:31)
    at self.callback (/usr/local/lib/node_modules/firebase-tools/node_modules/request/request.js:185:22)
    at Request.emit (events.js:197:13)
    at Request.EventEmitter.emit (domain.js:481:20)
    at Request.onRequestError (/usr/local/lib/node_modules/firebase-tools/node_modules/request/request.js:881:8)
    at ClientRequest.emit (events.js:197:13)
    at ClientRequest.EventEmitter.emit (domain.js:481:20)
    at TLSSocket.socketErrorListener (_http_client.js:397:9)
    at TLSSocket.emit (events.js:197:13)
    at TLSSocket.EventEmitter.emit (domain.js:481:20)
